e:\datastruct\课设\西安旅游导览系统\usr\x64\debug\vc142.pdb
e:\datastruct\课设\西安旅游导览系统\usr\x64\debug\vc142.idb
e:\datastruct\课设\西安旅游导览系统\usr\x64\debug\read_map.obj
e:\datastruct\课设\西安旅游导览系统\usr\x64\debug\map.obj
e:\datastruct\课设\西安旅游导览系统\usr\x64\debug\main.obj
e:\datastruct\课设\西安旅游导览系统\usr\x64\debug\login.obj
e:\datastruct\课设\西安旅游导览系统\usr\x64\debug\root_menu.obj
e:\datastruct\课设\西安旅游导览系统\debug\西安旅游导览系统.exe
e:\datastruct\课设\西安旅游导览系统\debug\西安旅游导览系统.ilk
e:\datastruct\课设\西安旅游导览系统\debug\西安旅游导览系统.pdb
e:\datastruct\课设\西安旅游导览系统\usr\x64\debug\login.nativecodeanalysis.xml
e:\datastruct\课设\西安旅游导览系统\usr\x64\debug\main.nativecodeanalysis.xml
e:\datastruct\课设\西安旅游导览系统\usr\x64\debug\map.nativecodeanalysis.xml
e:\datastruct\课设\西安旅游导览系统\usr\x64\debug\read_map.nativecodeanalysis.xml
e:\datastruct\课设\西安旅游导览系统\usr\x64\debug\西安旅游导览系统.tlog\cl.command.1.tlog
e:\datastruct\课设\西安旅游导览系统\usr\x64\debug\西安旅游导览系统.tlog\cl.read.1.tlog
e:\datastruct\课设\西安旅游导览系统\usr\x64\debug\西安旅游导览系统.tlog\cl.write.1.tlog
e:\datastruct\课设\西安旅游导览系统\usr\x64\debug\西安旅游导览系统.tlog\link.command.1.tlog
e:\datastruct\课设\西安旅游导览系统\usr\x64\debug\西安旅游导览系统.tlog\link.read.1.tlog
e:\datastruct\课设\西安旅游导览系统\usr\x64\debug\西安旅游导览系统.tlog\link.write.1.tlog
